Determining if the pthread_create exist failed with the following output:
Change Dir: /home/pmj/Desktop/catkin_vscode4/build/CMakeFiles/CMakeTmp

Run Build Command:"/usr/bin/make" "cmTC_7e5ed/fast"
make[1]: Entering directory '/home/pmj/Desktop/catkin_vscode4/build/CMakeFiles/CMakeTmp'
/usr/bin/make -f CMakeFiles/cmTC_7e5ed.dir/build.make CMakeFiles/cmTC_7e5ed.dir/build
make[2]: Entering directory '/home/pmj/Desktop/catkin_vscode4/build/CMakeFiles/CMakeTmp'
Building C object CMakeFiles/cmTC_7e5ed.dir/CheckSymbolExists.c.o
/usr/bin/cc    -o CMakeFiles/cmTC_7e5ed.dir/CheckSymbolExists.c.o   -c /home/pmj/Desktop/catkin_vscode4/build/CMakeFiles/CMakeTmp/CheckSymbolExists.c
Linking C executable cmTC_7e5ed
/usr/bin/cmake -E cmake_link_script CMakeFiles/cmTC_7e5ed.dir/link.txt --verbose=1
/usr/bin/cc      -rdynamic CMakeFiles/cmTC_7e5ed.dir/CheckSymbolExists.c.o  -o cmTC_7e5ed 
CMakeFiles/cmTC_7e5ed.dir/CheckSymbolExists.c.o: In function `main':
CheckSymbolExists.c:(.text+0x1b): undefined reference to `pthread_create'
collect2: error: ld returned 1 exit status
CMakeFiles/cmTC_7e5ed.dir/build.make:97: recipe for target 'cmTC_7e5ed' failed
make[2]: *** [cmTC_7e5ed] Error 1
make[2]: Leaving directory '/home/pmj/Desktop/catkin_vscode4/build/CMakeFiles/CMakeTmp'
Makefile:126: recipe for target 'cmTC_7e5ed/fast' failed
make[1]: *** [cmTC_7e5ed/fast] Error 2
make[1]: Leaving directory '/home/pmj/Desktop/catkin_vscode4/build/CMakeFiles/CMakeTmp'

File /home/pmj/Desktop/catkin_vscode4/build/CMakeFiles/CMakeTmp/CheckSymbolExists.c:
/* */
#include <pthread.h>

int main(int argc, char** argv)
{
  (void)argv;
#ifndef pthread_create
  return ((int*)(&pthread_create))[argc];
#else
  (void)argc;
  return 0;
#endif
}

Determining if the function pthread_create exists in the pthreads failed with the following output:
Change Dir: /home/pmj/Desktop/catkin_vscode4/build/CMakeFiles/CMakeTmp

Run Build Command:"/usr/bin/make" "cmTC_463f4/fast"
make[1]: Entering directory '/home/pmj/Desktop/catkin_vscode4/build/CMakeFiles/CMakeTmp'
/usr/bin/make -f CMakeFiles/cmTC_463f4.dir/build.make CMakeFiles/cmTC_463f4.dir/build
make[2]: Entering directory '/home/pmj/Desktop/catkin_vscode4/build/CMakeFiles/CMakeTmp'
Building C object CMakeFiles/cmTC_463f4.dir/CheckFunctionExists.c.o
/usr/bin/cc   -DCHECK_FUNCTION_EXISTS=pthread_create   -o CMakeFiles/cmTC_463f4.dir/CheckFunctionExists.c.o   -c /usr/share/cmake-3.10/Modules/CheckFunctionExists.c
Linking C executable cmTC_463f4
/usr/bin/cmake -E cmake_link_script CMakeFiles/cmTC_463f4.dir/link.txt --verbose=1
/usr/bin/cc  -DCHECK_FUNCTION_EXISTS=pthread_create    -rdynamic CMakeFiles/cmTC_463f4.dir/CheckFunctionExists.c.o  -o cmTC_463f4 -lpthreads 
/usr/bin/ld: cannot find -lpthreads
collect2: error: ld returned 1 exit status
CMakeFiles/cmTC_463f4.dir/build.make:97: recipe for target 'cmTC_463f4' failed
make[2]: *** [cmTC_463f4] Error 1
make[2]: Leaving directory '/home/pmj/Desktop/catkin_vscode4/build/CMakeFiles/CMakeTmp'
Makefile:126: recipe for target 'cmTC_463f4/fast' failed
make[1]: *** [cmTC_463f4/fast] Error 2
make[1]: Leaving directory '/home/pmj/Desktop/catkin_vscode4/build/CMakeFiles/CMakeTmp'


